<?xml version="1.0" encoding="UTF-8"?>
<!-- Generated by org.testng.reporters.JUnitReportReporter -->
<testsuite hostname="Neelshika" failures="0" tests="1" name="Runner.RunTest" time="46.377" errors="0" timestamp="17 Jul 2022 08:07:42 GMT" skipped="0">
  <testcase classname="Runner.RunTest" name="runScenario" time="46.377"/>
</testsuite> <!-- Runner.RunTest -->
